e:\own programs\weather2\weather2\x64\debug\weather2.pch
e:\own programs\weather2\weather2\x64\debug\vc141.pdb
e:\own programs\weather2\weather2\x64\debug\vc141.idb
e:\own programs\weather2\weather2\x64\debug\pch.obj
e:\own programs\weather2\weather2\x64\debug\weather2.obj
e:\own programs\weather2\weather2\x64\debug\timeofday.obj
e:\own programs\weather2\weather2\x64\debug\sliceofdata.obj
e:\own programs\weather2\weather2\x64\debug\misc.obj
e:\own programs\weather2\weather2\x64\debug\manager.obj
e:\own programs\weather2\weather2\x64\debug\day.obj
e:\own programs\weather2\weather2\x64\debug\date.obj
e:\own programs\weather2\x64\debug\weather2.ilk
e:\own programs\weather2\x64\debug\weather2.exe
e:\own programs\weather2\x64\debug\weather2.pdb
e:\own programs\weather2\weather2\x64\debug\weather2.tlog\cl.command.1.tlog
e:\own programs\weather2\weather2\x64\debug\weather2.tlog\cl.read.1.tlog
e:\own programs\weather2\weather2\x64\debug\weather2.tlog\cl.write.1.tlog
e:\own programs\weather2\weather2\x64\debug\weather2.tlog\link.command.1.tlog
e:\own programs\weather2\weather2\x64\debug\weather2.tlog\link.read.1.tlog
e:\own programs\weather2\weather2\x64\debug\weather2.tlog\link.write.1.tlog
