c:\users\jrhag\source\repos\weather johan\weather2 working v2\weather2\x64\release\weather2.pch
c:\users\jrhag\source\repos\weather johan\weather2 working v2\weather2\x64\release\vc141.pdb
c:\users\jrhag\source\repos\weather johan\weather2 working v2\weather2\x64\release\pch.obj
c:\users\jrhag\source\repos\weather johan\weather2 working v2\weather2\x64\release\weather2.obj
c:\users\jrhag\source\repos\weather johan\weather2 working v2\weather2\x64\release\timeofday.obj
c:\users\jrhag\source\repos\weather johan\weather2 working v2\weather2\x64\release\sliceofdata.obj
c:\users\jrhag\source\repos\weather johan\weather2 working v2\weather2\x64\release\misc.obj
c:\users\jrhag\source\repos\weather johan\weather2 working v2\weather2\x64\release\manager.obj
c:\users\jrhag\source\repos\weather johan\weather2 working v2\weather2\x64\release\door.obj
c:\users\jrhag\source\repos\weather johan\weather2 working v2\weather2\x64\release\day.obj
c:\users\jrhag\source\repos\weather johan\weather2 working v2\weather2\x64\release\date.obj
c:\users\jrhag\source\repos\weather johan\weather2 working v2\x64\release\weather2.exe
c:\users\jrhag\source\repos\weather johan\weather2 working v2\x64\release\weather2.pdb
c:\users\jrhag\source\repos\weather johan\weather2 working v2\x64\release\weather2.ipdb
c:\users\jrhag\source\repos\weather johan\weather2 working v2\x64\release\weather2.iobj
c:\users\jrhag\source\repos\weather johan\weather2 working v2\weather2\x64\release\weather2.tlog\cl.command.1.tlog
c:\users\jrhag\source\repos\weather johan\weather2 working v2\weather2\x64\release\weather2.tlog\cl.read.1.tlog
c:\users\jrhag\source\repos\weather johan\weather2 working v2\weather2\x64\release\weather2.tlog\cl.write.1.tlog
c:\users\jrhag\source\repos\weather johan\weather2 working v2\weather2\x64\release\weather2.tlog\link.command.1.tlog
c:\users\jrhag\source\repos\weather johan\weather2 working v2\weather2\x64\release\weather2.tlog\link.read.1.tlog
c:\users\jrhag\source\repos\weather johan\weather2 working v2\weather2\x64\release\weather2.tlog\link.write.1.tlog
c:\users\jrhag\source\repos\weather johan\weather2 working v2\weather2\x64\release\weather2.tlog\weather2.write.1u.tlog
